<?xml version="1.0" encoding="UTF-8"?>
<!-- Generated by org.testng.reporters.JUnitReportReporter -->
<testsuite hostname="DESKTOP-BUP1JBK" failures="0" tests="4" name="ZerodhaLogInPageTest" time="58.366" errors="0" timestamp="2022-06-23T00:54:31 IST" skipped="0">
  <testcase classname="ZerodhaLogInPageTest" name="playStoreTest" time="11.023"/>
  <system-out/>
  <testcase classname="ZerodhaLogInPageTest" name="loginTest" time="20.444"/>
  <system-out/>
  <testcase classname="ZerodhaLogInPageTest" name="forgotTest" time="9.733"/>
  <system-out/>
  <testcase classname="ZerodhaLogInPageTest" name="appleStoreTest" time="17.166"/>
  <system-out/>
</testsuite> <!-- ZerodhaLogInPageTest -->
