<?xml version="1.0" encoding="UTF-8"?>
<!-- Generated by org.testng.reporters.JUnitReportReporter -->
<testsuite hostname="DESKTOP-BUP1JBK" failures="0" tests="1" name="test.ZerodhaSignUpPageTest" time="22.926" errors="0" timestamp="2022-06-28T13:13:47 IST" skipped="0">
  <testcase classname="test.ZerodhaSignUpPageTest" name="signUpPage" time="22.926"/>
  <system-out/>
</testsuite> <!-- test.ZerodhaSignUpPageTest -->
