<?xml version="1.0" encoding="UTF-8"?>
<!-- Generated by org.testng.reporters.JUnitReportReporter -->
<testsuite hostname="DESKTOP-BUP1JBK" failures="0" tests="1" name="test.HomePageTest" time="37.679" errors="0" timestamp="2022-07-05T00:52:06 IST" skipped="0">
  <testcase classname="test.HomePageTest" name="buyFromWatchListTest" time="37.679"/>
  <system-out/>
</testsuite> <!-- test.HomePageTest -->
